<?xml version="1.0" encoding="utf-8"?><testsuites name="pytest tests"><testsuite name="pytest" errors="0" failures="0" skipped="0" tests="10" time="7.929" timestamp="2026-05-21T07:32:54.276206+00:00" hostname="agent-env-1ba36f2e-a679-4c90-bad7-4e5ea72fc96f"><testcase classname="backend.tests.backend_test" name="test_health" time="0.240" /><testcase classname="backend.tests.backend_test" name="test_categories_seeded" time="0.053" /><testcase classname="backend.tests.backend_test" name="test_category_create_and_delete" time="0.147" /><testcase classname="backend.tests.backend_test" name="test_transaction_create_list_delete" time="0.273" /><testcase classname="backend.tests.backend_test" name="test_income_transaction" time="0.096" /><testcase classname="backend.tests.backend_test" name="test_budget_upsert" time="0.216" /><testcase classname="backend.tests.backend_test" name="test_recurring_create_list_apply_idempotent_delete" time="0.366" /><testcase classname="backend.tests.backend_test" name="test_summary" time="0.397" /><testcase classname="backend.tests.backend_test" name="test_trend" time="0.050" /><testcase classname="backend.tests.backend_test" name="test_ai_clear_then_chat_history" time="5.968" /></testsuite></testsuites>